<?xml version="1.0" encoding="UTF-8"?>
<!-- Generated by org.testng.reporters.JUnitReportReporter -->
<testsuite hostname="DESKTOP-30FNJH5" name="pkg1.Class1" tests="1" failures="0" timestamp="29 Dec 2018 08:03:37 GMT" time="0.010" errors="0">
  <testcase name="tc1" time="0.010" classname="pkg1.Class1"/>
</testsuite> <!-- pkg1.Class1 -->
